2024-03-30 14:35:13,708 - root - INFO - main - main: Start program
2024-03-30 14:35:13,708 - root - INFO - language_choice - language_choice: Language choice start
2024-03-30 14:35:13,715 - root - INFO - text - menu: Making menu ['Add New Language', 'English', 'Latvian']
2024-03-30 14:35:14,491 - root - INFO - text - menu: Return 2
2024-03-30 14:35:14,491 - root - INFO - vocabulary - __init__: Words init English
2024-03-30 14:35:14,491 - root - INFO - vocabulary - load: Try to load C:\Users\patri\Desktop\Python\Words Learning\languages\English\words.json
2024-03-30 14:35:14,496 - root - INFO - vocabulary - load: Words loading complite successfuly!
2024-03-30 14:35:14,496 - root - INFO - vocabulary - load: Try to load C:\Users\patri\Desktop\Python\Words Learning\languages\English\stats.json
2024-03-30 14:35:14,500 - root - INFO - vocabulary - load: Stats loading complite successfuly!
2024-03-30 14:35:14,506 - root - INFO - text - menu: Making menu ('Learn Words', 'List Words', 'Add Words', 'Add TXT', 'Delete Words')
2024-03-30 14:35:21,674 - root - INFO - text - menu: Return 4
2024-03-30 14:35:21,681 - root - INFO - add_txt - add_txt: Add words by txt
2024-03-30 14:35:21,681 - root - INFO - text - menu: Making menu ('Word-Translation[New Line]Word-Translation', 'Word, Word...[New Line]Translation, Translation...')
2024-03-30 14:35:22,809 - root - INFO - text - menu: Return 2
2024-03-30 14:35:25,889 - root - INFO - vocabulary - draw_date: Draw words
2024-03-30 14:35:26,010 - root - INFO - text - menu: Making menu ('Yes', 'No')
2024-03-30 14:35:30,995 - root - INFO - text - menu: Return 1
2024-03-30 14:35:30,995 - root - INFO - vocabulary - append: Appending ['Mudslide', 'Beheaded', 'Proud', 'Recall', 'Consider', 'Proven', 'Pleasure', 'Granted']
2024-03-30 14:35:31,001 - root - INFO - text - menu: Making menu ('Learn Words', 'List Words', 'Add Words', 'Add TXT', 'Delete Words')
2024-03-30 14:35:32,066 - root - INFO - text - menu: Return 2
2024-03-30 14:35:32,066 - root - INFO - list - list: Show words
2024-03-30 14:35:32,066 - root - INFO - vocabulary - draw: Draw words
2024-03-30 14:35:35,056 - root - INFO - text - menu: Making menu ('Learn Words', 'List Words', 'Add Words', 'Add TXT', 'Delete Words')
2024-03-30 14:35:36,106 - root - INFO - main - main: Stop program
2024-03-30 14:35:36,113 - root - INFO - vocabulary - save: Try to save C:\Users\patri\Desktop\Python\Words Learning\languages\English\words.json...
2024-03-30 14:35:36,114 - root - INFO - vocabulary - save: Words successfuly saved!
2024-03-30 14:35:36,114 - root - INFO - vocabulary - save: Try to save C:\Users\patri\Desktop\Python\Words Learning\languages\English\stats.json...
2024-03-30 14:35:36,115 - root - INFO - vocabulary - save: Stats successfuly saved!
